<?xml version="1.0" encoding="UTF-8"?>
<testng-results skipped="0" failed="0" ignored="0" total="1" passed="1">
  <reporter-output>
  </reporter-output>
  <suite name="Default suite" duration-ms="15830" started-at="2020-05-04T10:07:41Z" finished-at="2020-05-04T10:07:57Z">
    <groups>
    </groups>
    <test name="Default test" duration-ms="15830" started-at="2020-05-04T10:07:41Z" finished-at="2020-05-04T10:07:57Z">
      <class name="com.vTigerCRM.testScripts.DemoOfFindBysandFindByAll">
        <test-method status="PASS" signature="test()[pri:0, instance:com.vTigerCRM.testScripts.DemoOfFindBysandFindByAll@46d56d67]" name="test" duration-ms="15803" started-at="2020-05-04T10:07:41Z" finished-at="2020-05-04T10:07:57Z">
          <reporter-output>
          </reporter-output>
        </test-method> <!-- test -->
      </class> <!-- com.vTigerCRM.testScripts.DemoOfFindBysandFindByAll -->
    </test> <!-- Default test -->
  </suite> <!-- Default suite -->
</testng-results>
